<?xml version="1.0" encoding="UTF-8"?>
<testng-results skipped="0" failed="0" total="1" passed="1">
  <reporter-output>
  </reporter-output>
  <suite name="Default suite" duration-ms="15724" started-at="2017-06-12T09:19:32Z" finished-at="2017-06-12T09:19:48Z">
    <groups>
    </groups>
    <test name="Default test" duration-ms="15724" started-at="2017-06-12T09:19:32Z" finished-at="2017-06-12T09:19:48Z">
      <class name="GIT.App">
        <test-method status="PASS" signature="Setup()[pri:0, instance:GIT.App@4883b407]" name="Setup" is-config="true" duration-ms="14283" started-at="2017-06-12T14:49:32Z" finished-at="2017-06-12T14:49:47Z">
          <reporter-output>
          </reporter-output>
        </test-method> <!-- Setup -->
        <test-method status="PASS" signature="SignUp()[pri:0, instance:GIT.App@4883b407]" name="SignUp" duration-ms="30" started-at="2017-06-12T14:49:47Z" finished-at="2017-06-12T14:49:47Z">
          <reporter-output>
          </reporter-output>
        </test-method> <!-- SignUp -->
        <test-method status="PASS" signature="TearDown()[pri:0, instance:GIT.App@4883b407]" name="TearDown" is-config="true" duration-ms="1393" started-at="2017-06-12T14:49:47Z" finished-at="2017-06-12T14:49:48Z">
          <reporter-output>
          </reporter-output>
        </test-method> <!-- TearDown -->
      </class> <!-- GIT.App -->
    </test> <!-- Default test -->
  </suite> <!-- Default suite -->
</testng-results>
